DEBUG:root:Horario do log: 2017-06-23 11:11:14.670000, nome: Batata, email: acsscas, data: 01/05/1996, senha: 123, matricula: 1221212121, rg: 12313232, autenticado: Não
DEBUG:root:Horario do log: 2017-06-23 11:11:14.670000, nome: Batata, email: , data: , senha: , matricula: , rg: , Email Inválido!
DEBUG:root:Horario do log: 2017-06-23 11:12:54.286000, nome: Batata, email: , data: , senha: , matricula: , rg: , Email Inválido! 

DEBUG:root:
Horario do log: 2017-06-23 11:13:43.721000, nome: Batata, email: , data: , senha: , matricula: , rg: , Email Inválido! 

DEBUG:root:
Horario do log: 2017-06-23 11:13:43.721000, nome: Batata, email: acsscas, data: 01/05/1996, senha: 123, matricula: 1221212121, rg: 12313232, autenticado: Não 

DEBUG:root:
Horario do log: 2017-06-23 14:44:20.600000, nome: batata, email: , data: , senha: , matricula: , rg: , Email Inválido! 

DEBUG:root:
Horario do log: 2017-06-23 14:44:20.600000, nome: batata, email: ascas, data: ascasc, senha: cascas, matricula: acs, rg: casa, autenticado: Não 

DEBUG:root:
Horario do log: 2017-06-23 14:44:20.600000, nome: batata, email: ascas, data: ascasc, senha: cascas, matricula: acs, rg: casa, autenticado: Não 

DEBUG:root:
Horario do log: 2017-06-23 14:44:20.600000, nome: batata, email: ascas, data: ascasc, senha: cascas, matricula: acs, rg: casa, autenticado: Não 

DEBUG:root:
Horario do log: 2017-06-23 14:44:20.600000, nome: batata, email: , data: , senha: , matricula: , rg: , Email Inválido! 

DEBUG:root:
Horario do log: 2017-06-23 14:44:20.600000, nome: batata, email: , data: , senha: , matricula: , rg: , Email Inválido! 

DEBUG:root:
Horario do log: 2017-06-23 14:44:20.600000, nome: batata, email: , data: , senha: , matricula: , rg: , Email Inválido! 

DEBUG:root:
Horario do log: 2017-06-23 14:44:20.600000, nome: batata, email: , data: , senha: , matricula: , rg: , Email Inválido! 

DEBUG:root:
Horario do log: 2017-06-23 14:44:20.600000, nome: batata, email: , data: , senha: , matricula: , rg: , Email Inválido! 

DEBUG:root:
Horario do log: 2017-06-23 14:44:20.600000, nome: batata, email: ascas, data: ascasc, senha: cascas, matricula: acs, rg: casa, autenticado: Não 

DEBUG:root:
Horario do log: 2017-06-23 14:44:20.600000, nome: batata, email: ascas, data: ascasc, senha: cascas, matricula: acs, rg: casa, autenticado: Não 

DEBUG:root:
Horario do log: 2017-06-23 14:44:20.600000, nome: batata, email: ascas, data: ascasc, senha: cascas, matricula: acs, rg: casa, autenticado: Não 

DEBUG:root:
Horario do log: 2017-06-23 14:44:20.600000, nome: batata, email: ascas, data: ascasc, senha: cascas, matricula: acs, rg: casa, autenticado: Não 

DEBUG:root:
Horario do log: 2017-06-23 14:44:20.600000, nome: batata, email: ascas, data: ascasc, senha: cascas, matricula: acs, rg: casa, autenticado: Não 

DEBUG:root:
Horario do log: 2017-06-23 14:44:20.600000, nome: batata, email: , data: , senha: , matricula: , rg: , Email Inválido! 

DEBUG:root:
Horario do log: 2017-06-23 14:44:20.600000, nome: batata, email: , data: , senha: , matricula: , rg: , Email Inválido! 

DEBUG:root:
Horario do log: 2017-06-23 14:44:20.600000, nome: batata, email: , data: , senha: , matricula: , rg: , Email Inválido! 

DEBUG:root:
Horario do log: 2017-06-23 14:44:20.600000, nome: batata, email: , data: , senha: , matricula: , rg: , Email Inválido! 

DEBUG:root:
Horario do log: 2017-06-23 14:44:20.600000, nome: batata, email: ascas, data: ascasc, senha: cascas, matricula: acs, rg: casa, autenticado: Não 

DEBUG:root:
Horario do log: 2017-06-23 14:44:20.600000, nome: batata, email: ascas, data: ascasc, senha: cascas, matricula: acs, rg: casa, autenticado: Não 

DEBUG:root:
Horario do log: 2017-06-23 14:44:20.600000, nome: batata, email: ascas, data: ascasc, senha: cascas, matricula: acs, rg: casa, autenticado: Não 

DEBUG:root:
Horario do log: 2017-06-23 14:44:20.600000, nome: batata, email: , data: , senha: , matricula: , rg: , Email Inválido! 

DEBUG:root:
Horario do log: 2017-06-23 14:44:20.600000, nome: batata, email: , data: , senha: , matricula: , rg: , Email Inválido! 

DEBUG:root:
Horario do log: 2017-06-23 14:44:20.600000, nome: batata, email: ascas, data: ascasc, senha: cascas, matricula: acs, rg: casa, autenticado: Não 

DEBUG:root:
Horario do log: 2017-06-23 14:44:20.600000, nome: batata, email: ascas, data: ascasc, senha: cascas, matricula: acs, rg: casa, autenticado: Não 

DEBUG:root:
Horario do log: 2017-06-23 14:44:20.600000, nome: batata, email: ascas, data: ascasc, senha: cascas, matricula: acs, rg: casa, autenticado: Não 

DEBUG:root:
Horario do log: 2017-06-23 14:44:20.600000, nome: batata, email: ascas, data: ascasc, senha: cascas, matricula: acs, rg: casa, autenticado: Não 

DEBUG:root:
Horario do log: 2017-06-23 14:44:20.600000, nome: batata, email: ascas, data: ascasc, senha: cascas, matricula: acs, rg: casa, autenticado: Não 

DEBUG:root:
Horario do log: 2017-06-23 14:44:20.600000, nome: batata, email: ascas, data: ascasc, senha: cascas, matricula: acs, rg: casa, autenticado: Não 

DEBUG:root:
Horario do log: 2017-06-23 14:44:20.600000, nome: batata, email: ascas, data: ascasc, senha: cascas, matricula: acs, rg: casa, autenticado: Não 

DEBUG:root:
Horario do log: 2017-06-23 14:44:20.600000, nome: batata, email: ascas, data: ascasc, senha: cascas, matricula: acs, rg: casa, autenticado: Não 

DEBUG:root:
Horario do log: 2017-06-23 14:44:20.600000, nome: batata, email: ascas, data: ascasc, senha: cascas, matricula: acs, rg: casa, autenticado: Não 

DEBUG:root:
Horario do log: 2017-06-23 14:44:20.600000, nome: batata, email: ascas, data: ascasc, senha: cascas, matricula: acs, rg: casa, autenticado: Não 

